<?xml version="1.0" encoding="UTF-8"?>
<!-- Generated by org.testng.reporters.JUnitReportReporter -->
<testsuite hostname="DESKTOP-AB047MC" failures="0" tests="2" name="main.orderWithoutName" time="5.577" errors="0" timestamp="2021-11-18T23:51:19 ICT" skipped="0">
  <testcase classname="main.orderWithoutName" name="orderProduct_step" time="5.537"/>
  <system-out/>
  <testcase classname="main.orderWithoutName" name="checkFinished" time="0.040"/>
  <system-out/>
</testsuite> <!-- main.orderWithoutName -->
