<?xml version="1.0" encoding="UTF-8"?>
<!-- Generated by org.testng.reporters.JUnitReportReporter -->
<testsuite hostname="DESKTOP-AB047MC" failures="0" tests="2" name="main.orderWithoutPhone" time="5.821" errors="0" timestamp="2021-11-18T23:52:19 ICT" skipped="0">
  <testcase classname="main.orderWithoutPhone" name="orderProduct_step" time="5.776"/>
  <system-out/>
  <testcase classname="main.orderWithoutPhone" name="checkFinished" time="0.045"/>
  <system-out/>
</testsuite> <!-- main.orderWithoutPhone -->
