<?xml version="1.0" encoding="UTF-8"?>
<!-- Generated by org.testng.reporters.JUnitReportReporter -->
<testsuite hostname="DESKTOP-AB047MC" failures="0" tests="2" name="main.orderWithoutPhone" time="5.417" errors="0" timestamp="2021-11-20T10:04:44 ICT" skipped="0">
  <testcase classname="main.orderWithoutPhone" name="orderProduct_step" time="5.384"/>
  <system-out/>
  <testcase classname="main.orderWithoutPhone" name="checkFinished" time="0.033"/>
  <system-out/>
</testsuite> <!-- main.orderWithoutPhone -->
