<?xml version="1.0" encoding="UTF-8"?>
<!-- Generated by org.testng.reporters.JUnitReportReporter -->
<testsuite hostname="DESKTOP-AB047MC" failures="0" tests="2" name="main.moveToGOVSite" time="1.583" errors="0" timestamp="2021-11-20T10:09:17 ICT" skipped="0">
  <testcase classname="main.moveToGOVSite" name="clickGOVSite" time="0.108"/>
  <system-out/>
  <testcase classname="main.moveToGOVSite" name="checkMovedGOVSite" time="1.475"/>
  <system-out/>
</testsuite> <!-- main.moveToGOVSite -->
