<?xml version="1.0" encoding="UTF-8"?>
<!-- Generated by org.testng.reporters.JUnitReportReporter -->
<testsuite hostname="DESKTOP-AB047MC" failures="0" tests="2" name="main.moveToOrderHistory" time="11.490" errors="0" timestamp="2021-11-20T09:54:45 ICT" skipped="0">
  <testcase classname="main.moveToOrderHistory" name="loginStep" time="10.361"/>
  <system-out/>
  <testcase classname="main.moveToOrderHistory" name="checkMovedInfoSite" time="1.129"/>
  <system-out/>
</testsuite> <!-- main.moveToOrderHistory -->
