<?xml version="1.0" encoding="UTF-8"?>
<!-- Generated by org.testng.reporters.JUnitReportReporter -->
<testsuite hostname="DESKTOP-AB047MC" failures="0" tests="2" name="main.findStoreByAddress" time="0.435" errors="0" timestamp="2021-11-20T11:01:17 ICT" skipped="0">
  <testcase classname="main.findStoreByAddress" name="findStore_step" time="0.392"/>
  <system-out/>
  <testcase classname="main.findStoreByAddress" name="checkStoreDisplayed" time="0.043"/>
  <system-out/>
</testsuite> <!-- main.findStoreByAddress -->
