<?xml version="1.0" encoding="UTF-8"?>
<!-- Generated by org.testng.reporters.JUnitReportReporter -->
<testsuite hostname="DESKTOP-AB047MC" failures="0" tests="2" name="main.findNewsSuccess" time="1.773" errors="0" timestamp="2021-11-15T00:46:36 ICT" skipped="0">
  <testcase classname="main.findNewsSuccess" name="pickNews_step" time="1.164"/>
  <system-out/>
  <testcase classname="main.findNewsSuccess" name="checkPickedNew" time="0.609"/>
  <system-out/>
</testsuite> <!-- main.findNewsSuccess -->
