<?xml version="1.0" encoding="UTF-8"?>
<!-- Generated by org.testng.reporters.JUnitReportReporter -->
<testsuite hostname="DESKTOP-AB047MC" failures="0" tests="2" name="main.loginFail" time="10.769" errors="0" timestamp="2021-11-20T09:46:57 ICT" skipped="0">
  <testcase classname="main.loginFail" name="loginSuccess_step" time="0.315"/>
  <system-out/>
  <testcase classname="main.loginFail" name="checkloginSuccess" time="10.454"/>
  <system-out/>
</testsuite> <!-- main.loginFail -->
