<?xml version="1.0" encoding="UTF-8"?>
<!-- Generated by org.testng.reporters.JUnitReportReporter -->
<testsuite hostname="DESKTOP-AB047MC" failures="0" tests="2" name="main.orderWithoutName" time="5.477" errors="0" timestamp="2021-11-20T10:04:31 ICT" skipped="0">
  <testcase classname="main.orderWithoutName" name="orderProduct_step" time="5.441"/>
  <system-out/>
  <testcase classname="main.orderWithoutName" name="checkFinished" time="0.036"/>
  <system-out/>
</testsuite> <!-- main.orderWithoutName -->
