<?xml version="1.0" encoding="UTF-8"?>
<!-- Generated by org.testng.reporters.JUnitReportReporter -->
<testsuite hostname="DESKTOP-AB047MC" failures="0" tests="2" name="main.findNews" time="1.760" errors="0" timestamp="2021-11-20T10:59:56 ICT" skipped="0">
  <testcase classname="main.findNews" name="pickNews_step" time="1.186"/>
  <system-out/>
  <testcase classname="main.findNews" name="checkPickedNew" time="0.574"/>
  <system-out/>
</testsuite> <!-- main.findNews -->
