<?xml version="1.0" encoding="UTF-8"?>
<!-- Generated by org.testng.reporters.JUnitReportReporter -->
<testsuite hostname="DESKTOP-AB047MC" failures="0" tests="2" name="main.moveToUserInfo" time="10.403" errors="0" timestamp="2021-11-16T01:39:10 ICT" skipped="0">
  <testcase classname="main.moveToUserInfo" name="loginStep" time="9.237"/>
  <system-out/>
  <testcase classname="main.moveToUserInfo" name="checkMovedInfoSite" time="1.166"/>
  <system-out/>
</testsuite> <!-- main.moveToUserInfo -->
