<?xml version="1.0" encoding="UTF-8"?>
<!-- Generated by org.testng.reporters.JUnitReportReporter -->
<testsuite hostname="DESKTOP-AB047MC" failures="0" tests="2" name="main.orderSuccess" time="8.446" errors="0" timestamp="2021-11-20T10:08:38 ICT" skipped="0">
  <testcase classname="main.orderSuccess" name="orderProduct_step" time="6.025"/>
  <system-out/>
  <testcase classname="main.orderSuccess" name="checkFinished" time="2.421"/>
  <system-out/>
</testsuite> <!-- main.orderSuccess -->
