<?xml version="1.0" encoding="UTF-8"?>
<!-- Generated by org.testng.reporters.JUnitReportReporter -->
<testsuite hostname="DESKTOP-AB047MC" failures="0" tests="2" name="main.moveToTermsSite" time="0.541" errors="0" timestamp="2021-11-19T00:40:54 ICT" skipped="0">
  <testcase classname="main.moveToTermsSite" name="clickDropdownStep" time="0.529"/>
  <system-out/>
  <testcase classname="main.moveToTermsSite" name="checkMovedTermsSite" time="0.012"/>
  <system-out/>
</testsuite> <!-- main.moveToTermsSite -->
