<?xml version="1.0" encoding="UTF-8"?>
<!-- Generated by org.testng.reporters.JUnitReportReporter -->
<testsuite hostname="DESKTOP-AB047MC" failures="0" tests="2" name="main.orderSuccess" time="8.429" errors="0" timestamp="2021-11-13T23:39:18 ICT" skipped="0">
  <testcase classname="main.orderSuccess" name="orderProduct_step" time="5.591"/>
  <system-out/>
  <testcase classname="main.orderSuccess" name="checkFinished" time="2.838"/>
  <system-out/>
</testsuite> <!-- main.orderSuccess -->
